[ 2017-11-02T15:55:50+08:00 ] 127.0.0.1 /install.php
INFO: [ app_begin ] --START--
INFO: ReadHtmlCache Behavior ::run [ RunTime:0.001000s ]
INFO: [ app_begin ] --END-- [ RunTime:0.001000s ]
INFO: [ view_parse ] --START--
INFO: ParseTemplate Behavior ::run [ RunTime:0.017001s ]
INFO: [ view_parse ] --END-- [ RunTime:0.017001s ]
INFO: [ view_filter ] --START--
INFO: ContentReplace Behavior ::run [ RunTime:0.000000s ]
INFO: TokenBuild Behavior ::run [ RunTime:0.001000s ]
INFO: WriteHtmlCache Behavior ::run [ RunTime:0.001000s ]
INFO: ShowRuntime Behavior ::run [ RunTime:0.001000s ]
INFO: [ view_filter ] --END-- [ RunTime:0.061004s ]
INFO: [ view_end ] --START--
INFO: ShowPageTrace Behavior ::run [ RunTime:0.002000s ]
INFO: [ view_end ] --END-- [ RunTime:0.002000s ]

[ 2017-11-02T15:55:57+08:00 ] 127.0.0.1 /install.php?m=index&a=index
INFO: [ app_begin ] --START--
INFO: ReadHtmlCache Behavior ::run [ RunTime:0.000000s ]
INFO: [ app_begin ] --END-- [ RunTime:0.000000s ]
NOTIC: 建议使用I方法替代_post

[ 2017-11-02T15:55:57+08:00 ] 127.0.0.1 /install.php?m=index&a=index
INFO: [ app_begin ] --START--
INFO: ReadHtmlCache Behavior ::run [ RunTime:0.000000s ]
INFO: [ app_begin ] --END-- [ RunTime:0.000000s ]
NOTIC: 建议使用I方法替代_post

[ 2017-11-02T15:55:57+08:00 ] 127.0.0.1 /install.php?m=index&a=check
INFO: [ app_begin ] --START--
INFO: ReadHtmlCache Behavior ::run [ RunTime:0.001000s ]
INFO: [ app_begin ] --END-- [ RunTime:0.001000s ]
NOTIC: [2] Missing argument 1 for Dir::__construct(), called in D:\phpStudy\WWW\install\Lib\Action\indexAction.class.php on line 70 and defined D:\phpStudy\WWW\install\Lib\ORG\Dir.class.php 第 37 行.
NOTIC: [8] Undefined variable: path D:\phpStudy\WWW\install\Lib\ORG\Dir.class.php 第 39 行.
NOTIC: [8] Undefined variable: path D:\phpStudy\WWW\install\Lib\ORG\Dir.class.php 第 39 行.

[ 2017-11-02T15:55:57+08:00 ] 127.0.0.1 /install.php?m=index&a=setconf
INFO: [ app_begin ] --START--
INFO: ReadHtmlCache Behavior ::run [ RunTime:0.001000s ]
INFO: [ app_begin ] --END-- [ RunTime:0.001000s ]
INFO: [ view_parse ] --START--
INFO: ParseTemplate Behavior ::run [ RunTime:0.010001s ]
INFO: [ view_parse ] --END-- [ RunTime:0.010001s ]
INFO: [ view_filter ] --START--
INFO: ContentReplace Behavior ::run [ RunTime:0.001000s ]
INFO: TokenBuild Behavior ::run [ RunTime:0.001000s ]
INFO: WriteHtmlCache Behavior ::run [ RunTime:0.001000s ]
INFO: ShowRuntime Behavior ::run [ RunTime:0.001000s ]
INFO: [ view_filter ] --END-- [ RunTime:0.004000s ]
INFO: [ view_end ] --START--
INFO: ShowPageTrace Behavior ::run [ RunTime:0.000000s ]
INFO: [ view_end ] --END-- [ RunTime:0.001000s ]

[ 2017-11-02T15:56:26+08:00 ] 127.0.0.1 /install.php?m=index&a=setconf
INFO: [ app_begin ] --START--
INFO: ReadHtmlCache Behavior ::run [ RunTime:0.001000s ]
INFO: [ app_begin ] --END-- [ RunTime:0.001000s ]

[ 2017-11-02T15:56:26+08:00 ] 127.0.0.1 /install.php?m=index&a=install
INFO: [ app_begin ] --START--
INFO: ReadHtmlCache Behavior ::run [ RunTime:0.001000s ]
INFO: [ app_begin ] --END-- [ RunTime:0.001000s ]
INFO: [ view_parse ] --START--
INFO: ParseTemplate Behavior ::run [ RunTime:0.010000s ]
INFO: [ view_parse ] --END-- [ RunTime:0.010000s ]
INFO: [ view_filter ] --START--
INFO: ContentReplace Behavior ::run [ RunTime:0.000000s ]
INFO: TokenBuild Behavior ::run [ RunTime:0.001000s ]
INFO: WriteHtmlCache Behavior ::run [ RunTime:0.000000s ]
INFO: ShowRuntime Behavior ::run [ RunTime:0.000000s ]
INFO: [ view_filter ] --END-- [ RunTime:0.001000s ]
INFO: [ view_end ] --START--
INFO: ShowPageTrace Behavior ::run [ RunTime:0.000000s ]
INFO: [ view_end ] --END-- [ RunTime:0.001000s ]

[ 2017-11-02T15:56:31+08:00 ] 127.0.0.1 /install.php?m=index&a=finish_done
INFO: [ app_begin ] --START--
INFO: ReadHtmlCache Behavior ::run [ RunTime:0.001000s ]
INFO: [ app_begin ] --END-- [ RunTime:0.001000s ]

[ 2017-11-02T15:56:36+08:00 ] 127.0.0.1 /install.php?m=index&a=finish
INFO: [ app_begin ] --START--
INFO: ReadHtmlCache Behavior ::run [ RunTime:0.001000s ]
INFO: [ app_begin ] --END-- [ RunTime:0.001000s ]
INFO: [ view_parse ] --START--
INFO: ParseTemplate Behavior ::run [ RunTime:0.008000s ]
INFO: [ view_parse ] --END-- [ RunTime:0.008000s ]
INFO: [ view_filter ] --START--
INFO: ContentReplace Behavior ::run [ RunTime:0.001000s ]
INFO: TokenBuild Behavior ::run [ RunTime:0.000000s ]
INFO: WriteHtmlCache Behavior ::run [ RunTime:0.000000s ]
INFO: ShowRuntime Behavior ::run [ RunTime:0.001000s ]
INFO: [ view_filter ] --END-- [ RunTime:0.002000s ]
INFO: [ view_end ] --START--
INFO: ShowPageTrace Behavior ::run [ RunTime:0.000000s ]
INFO: [ view_end ] --END-- [ RunTime:0.001000s ]

[ 2017-11-02T16:07:05+08:00 ] 127.0.0.1 /install.php
INFO: [ app_begin ] --START--
INFO: ReadHtmlCache Behavior ::run [ RunTime:0.001000s ]
INFO: [ app_begin ] --END-- [ RunTime:0.001000s ]
INFO: [ view_parse ] --START--
INFO: ParseTemplate Behavior ::run [ RunTime:0.019001s ]
INFO: [ view_parse ] --END-- [ RunTime:0.019001s ]
INFO: [ view_filter ] --START--
INFO: ContentReplace Behavior ::run [ RunTime:0.001000s ]
INFO: TokenBuild Behavior ::run [ RunTime:0.000000s ]
INFO: WriteHtmlCache Behavior ::run [ RunTime:0.000000s ]
INFO: ShowRuntime Behavior ::run [ RunTime:0.001000s ]
INFO: [ view_filter ] --END-- [ RunTime:0.003000s ]
INFO: [ view_end ] --START--
INFO: ShowPageTrace Behavior ::run [ RunTime:0.001001s ]
INFO: [ view_end ] --END-- [ RunTime:0.001001s ]

